TN:
SF:server.js
FN:20,(anonymous_0)
FN:23,(anonymous_1)
FN:29,(anonymous_2)
FNF:3
FNH:1
FNDA:0,(anonymous_0)
FNDA:0,(anonymous_1)
FNDA:1,(anonymous_2)
DA:1,1
DA:2,1
DA:3,1
DA:4,1
DA:5,1
DA:7,1
DA:11,1
DA:12,1
DA:13,1
DA:14,1
DA:15,1
DA:17,1
DA:18,0
DA:20,0
DA:23,1
DA:24,0
DA:27,1
DA:29,1
DA:30,1
DA:31,1
DA:34,1
LF:21
LH:18
BRDA:17,0,0,0
BRDA:17,0,1,1
BRDA:27,1,0,1
BRDA:27,1,1,0
BRF:4
BRH:2
end_of_record
TN:
SF:config\connectToDatabase.js
FN:3,(anonymous_0)
FNF:1
FNH:1
FNDA:1,(anonymous_0)
DA:1,1
DA:3,1
DA:4,1
DA:5,1
DA:14,1
DA:16,0
DA:17,0
DA:21,1
LF:8
LH:6
BRF:0
BRH:0
end_of_record
TN:
SF:middlewares\auth.js
FN:5,(anonymous_0)
FNF:1
FNH:0
FNDA:0,(anonymous_0)
DA:3,1
DA:5,1
DA:7,0
DA:9,0
DA:10,0
DA:14,0
DA:15,0
DA:16,0
DA:18,0
DA:19,0
DA:20,0
DA:23,0
LF:12
LH:2
BRDA:9,0,0,0
BRDA:9,0,1,0
BRF:2
BRH:0
end_of_record
TN:
SF:models\assignedCourses.js
FNF:0
FNH:0
DA:1,1
DA:2,1
DA:3,1
DA:4,1
DA:6,1
DA:37,1
DA:41,1
LF:7
LH:7
BRF:0
BRH:0
end_of_record
TN:
SF:models\chairperson.js
FNF:0
FNH:0
DA:1,1
DA:2,1
DA:3,1
DA:5,1
DA:28,1
DA:31,1
LF:6
LH:6
BRF:0
BRH:0
end_of_record
TN:
SF:models\course.js
FNF:0
FNH:0
DA:1,1
DA:2,1
DA:3,1
DA:4,1
DA:6,1
DA:44,1
DA:48,1
LF:7
LH:7
BRF:0
BRH:0
end_of_record
TN:
SF:models\faculty.js
FNF:0
FNH:0
DA:1,1
DA:2,1
DA:3,1
DA:5,1
DA:28,1
DA:31,1
LF:6
LH:6
BRF:0
BRH:0
end_of_record
TN:
SF:models\students.js
FNF:0
FNH:0
DA:1,1
DA:2,1
DA:3,1
DA:5,1
DA:28,1
DA:31,1
LF:6
LH:6
BRF:0
BRH:0
end_of_record
TN:
SF:routes\auth.routes.js
FN:14,(anonymous_0)
FN:24,(anonymous_1)
FN:28,(anonymous_2)
FN:38,(anonymous_3)
FN:61,(anonymous_4)
FN:69,(anonymous_5)
FN:73,(anonymous_6)
FN:82,(anonymous_7)
FN:105,(anonymous_8)
FN:113,(anonymous_9)
FN:115,(anonymous_10)
FN:124,(anonymous_11)
FN:147,(anonymous_12)
FN:155,(anonymous_13)
FN:170,(anonymous_14)
FN:180,(anonymous_15)
FN:185,(anonymous_16)
FN:195,(anonymous_17)
FN:223,(anonymous_18)
FN:235,(anonymous_19)
FN:240,(anonymous_20)
FN:250,(anonymous_21)
FN:277,(anonymous_22)
FN:289,(anonymous_23)
FN:294,(anonymous_24)
FN:304,(anonymous_25)
FN:331,(anonymous_26)
FN:341,(anonymous_27)
FN:344,(anonymous_28)
FN:357,(anonymous_29)
FN:371,(anonymous_30)
FN:375,(anonymous_31)
FN:393,(anonymous_32)
FN:396,(anonymous_33)
FN:415,(anonymous_34)
FN:421,(anonymous_35)
FN:436,(anonymous_36)
FN:439,(anonymous_37)
FN:458,(anonymous_38)
FN:461,(anonymous_39)
FN:480,(anonymous_40)
FN:483,(anonymous_41)
FN:504,(anonymous_42)
FN:505,(anonymous_43)
FN:525,(anonymous_44)
FN:526,(anonymous_45)
FN:546,(anonymous_46)
FN:547,(anonymous_47)
FN:567,(anonymous_48)
FN:570,(anonymous_49)
FN:583,(anonymous_50)
FNF:51
FNH:28
FNDA:0,(anonymous_0)
FNDA:5,(anonymous_1)
FNDA:5,(anonymous_2)
FNDA:5,(anonymous_3)
FNDA:0,(anonymous_4)
FNDA:5,(anonymous_5)
FNDA:5,(anonymous_6)
FNDA:5,(anonymous_7)
FNDA:0,(anonymous_8)
FNDA:5,(anonymous_9)
FNDA:5,(anonymous_10)
FNDA:5,(anonymous_11)
FNDA:0,(anonymous_12)
FNDA:5,(anonymous_13)
FNDA:5,(anonymous_14)
FNDA:5,(anonymous_15)
FNDA:5,(anonymous_16)
FNDA:5,(anonymous_17)
FNDA:0,(anonymous_18)
FNDA:5,(anonymous_19)
FNDA:5,(anonymous_20)
FNDA:5,(anonymous_21)
FNDA:0,(anonymous_22)
FNDA:5,(anonymous_23)
FNDA:5,(anonymous_24)
FNDA:5,(anonymous_25)
FNDA:0,(anonymous_26)
FNDA:0,(anonymous_27)
FNDA:0,(anonymous_28)
FNDA:0,(anonymous_29)
FNDA:5,(anonymous_30)
FNDA:5,(anonymous_31)
FNDA:0,(anonymous_32)
FNDA:0,(anonymous_33)
FNDA:0,(anonymous_34)
FNDA:0,(anonymous_35)
FNDA:0,(anonymous_36)
FNDA:0,(anonymous_37)
FNDA:0,(anonymous_38)
FNDA:0,(anonymous_39)
FNDA:0,(anonymous_40)
FNDA:0,(anonymous_41)
FNDA:5,(anonymous_42)
FNDA:5,(anonymous_43)
FNDA:5,(anonymous_44)
FNDA:5,(anonymous_45)
FNDA:5,(anonymous_46)
FNDA:5,(anonymous_47)
FNDA:0,(anonymous_48)
FNDA:0,(anonymous_49)
FNDA:0,(anonymous_50)
DA:1,1
DA:2,1
DA:3,1
DA:4,1
DA:6,1
DA:7,1
DA:8,1
DA:9,1
DA:10,1
DA:11,1
DA:12,1
DA:14,1
DA:15,0
DA:16,0
DA:17,0
DA:20,0
DA:24,1
DA:28,5
DA:29,5
DA:32,0
DA:36,5
DA:37,5
DA:39,5
DA:41,2
DA:46,3
DA:52,3
DA:55,3
DA:62,0
DA:69,1
DA:73,5
DA:74,5
DA:76,0
DA:80,5
DA:81,5
DA:83,5
DA:85,2
DA:89,3
DA:95,3
DA:98,3
DA:106,0
DA:113,1
DA:115,5
DA:116,5
DA:118,0
DA:122,5
DA:123,5
DA:125,5
DA:127,2
DA:131,3
DA:137,3
DA:140,3
DA:148,0
DA:155,1
DA:157,5
DA:158,5
DA:159,0
DA:162,5
DA:170,5
DA:172,5
DA:178,1
DA:181,5
DA:182,5
DA:183,0
DA:185,5
DA:186,5
DA:193,5
DA:196,5
DA:197,0
DA:203,5
DA:210,5
DA:215,5
DA:224,0
DA:233,1
DA:236,5
DA:237,5
DA:238,0
DA:240,5
DA:241,5
DA:248,5
DA:251,5
DA:252,0
DA:258,5
DA:265,5
DA:269,5
DA:278,0
DA:287,1
DA:290,5
DA:291,5
DA:292,0
DA:294,5
DA:295,5
DA:302,5
DA:305,5
DA:306,0
DA:312,5
DA:319,5
DA:323,5
DA:332,0
DA:341,1
DA:343,0
DA:344,0
DA:345,0
DA:347,0
DA:352,0
DA:356,0
DA:357,0
DA:358,0
DA:360,0
DA:365,0
DA:371,1
DA:373,5
DA:375,5
DA:376,5
DA:377,0
DA:378,5
DA:379,5
DA:380,5
DA:386,0
DA:393,1
DA:395,0
DA:396,0
DA:397,0
DA:398,0
DA:399,0
DA:401,0
DA:407,0
DA:415,1
DA:417,0
DA:419,0
DA:420,0
DA:421,0
DA:422,0
DA:423,0
DA:430,0
DA:436,1
DA:438,0
DA:439,0
DA:440,0
DA:441,0
DA:442,0
DA:444,0
DA:450,0
DA:458,1
DA:460,0
DA:461,0
DA:462,0
DA:463,0
DA:464,0
DA:466,0
DA:472,0
DA:480,1
DA:482,0
DA:483,0
DA:484,0
DA:485,0
DA:486,0
DA:488,0
DA:494,0
DA:504,1
DA:505,5
DA:506,5
DA:508,0
DA:509,5
DA:512,5
DA:518,0
DA:525,1
DA:526,5
DA:527,5
DA:529,0
DA:530,5
DA:533,5
DA:539,0
DA:546,1
DA:547,5
DA:548,5
DA:550,0
DA:551,5
DA:554,5
DA:560,0
DA:567,1
DA:569,0
DA:570,0
DA:571,0
DA:573,0
DA:578,0
DA:582,0
DA:583,0
DA:584,0
DA:586,0
DA:591,0
DA:596,1
LF:191
LH:108
BRDA:29,0,0,0
BRDA:29,0,1,5
BRDA:39,1,0,2
BRDA:39,1,1,3
BRDA:74,2,0,0
BRDA:74,2,1,5
BRDA:83,3,0,2
BRDA:83,3,1,3
BRDA:116,4,0,0
BRDA:116,4,1,5
BRDA:125,5,0,2
BRDA:125,5,1,3
BRDA:158,6,0,0
BRDA:158,6,1,5
BRDA:182,7,0,0
BRDA:182,7,1,5
BRDA:196,8,0,0
BRDA:196,8,1,5
BRDA:237,9,0,0
BRDA:237,9,1,5
BRDA:251,10,0,0
BRDA:251,10,1,5
BRDA:291,11,0,0
BRDA:291,11,1,5
BRDA:305,12,0,0
BRDA:305,12,1,5
BRDA:343,13,0,0
BRDA:343,13,1,0
BRDA:345,14,0,0
BRDA:345,14,1,0
BRDA:358,15,0,0
BRDA:358,15,1,0
BRDA:376,16,0,0
BRDA:376,16,1,5
BRDA:378,17,0,5
BRDA:378,17,1,0
BRDA:397,18,0,0
BRDA:397,18,1,0
BRDA:399,19,0,0
BRDA:399,19,1,0
BRDA:440,20,0,0
BRDA:440,20,1,0
BRDA:442,21,0,0
BRDA:442,21,1,0
BRDA:462,22,0,0
BRDA:462,22,1,0
BRDA:464,23,0,0
BRDA:464,23,1,0
BRDA:484,24,0,0
BRDA:484,24,1,0
BRDA:486,25,0,0
BRDA:486,25,1,0
BRDA:506,26,0,0
BRDA:506,26,1,5
BRDA:509,27,0,5
BRDA:509,27,1,0
BRDA:527,28,0,0
BRDA:527,28,1,5
BRDA:530,29,0,5
BRDA:530,29,1,0
BRDA:548,30,0,0
BRDA:548,30,1,5
BRDA:551,31,0,5
BRDA:551,31,1,0
BRDA:569,32,0,0
BRDA:569,32,1,0
BRDA:571,33,0,0
BRDA:571,33,1,0
BRDA:584,34,0,0
BRDA:584,34,1,0
BRF:70
BRH:24
end_of_record
